mode: atomic
github.com/Waqas-Shah-42/Links-R-Us-2/linkgraph/store/memory/iterator.go:14.36,15.32 1 1661
github.com/Waqas-Shah-42/Links-R-Us-2/linkgraph/store/memory/iterator.go:18.2,19.13 2 1606
github.com/Waqas-Shah-42/Links-R-Us-2/linkgraph/store/memory/iterator.go:15.32,17.3 1 55
github.com/Waqas-Shah-42/Links-R-Us-2/linkgraph/store/memory/iterator.go:23.38,25.2 1 34
github.com/Waqas-Shah-42/Links-R-Us-2/linkgraph/store/memory/iterator.go:28.38,30.2 1 65
github.com/Waqas-Shah-42/Links-R-Us-2/linkgraph/store/memory/iterator.go:33.43,41.2 5 1606
github.com/Waqas-Shah-42/Links-R-Us-2/linkgraph/store/memory/iterator.go:52.36,53.32 1 1341
github.com/Waqas-Shah-42/Links-R-Us-2/linkgraph/store/memory/iterator.go:56.2,57.13 2 1306
github.com/Waqas-Shah-42/Links-R-Us-2/linkgraph/store/memory/iterator.go:53.32,55.3 1 35
github.com/Waqas-Shah-42/Links-R-Us-2/linkgraph/store/memory/iterator.go:61.38,63.2 1 34
github.com/Waqas-Shah-42/Links-R-Us-2/linkgraph/store/memory/iterator.go:66.38,68.2 1 66
github.com/Waqas-Shah-42/Links-R-Us-2/linkgraph/store/memory/iterator.go:71.43,79.2 5 1306
github.com/Waqas-Shah-42/Links-R-Us-2/linkgraph/store/memory/memory.go:30.40,37.2 1 10
github.com/Waqas-Shah-42/Links-R-Us-2/linkgraph/store/memory/memory.go:40.60,46.59 3 1014
github.com/Waqas-Shah-42/Links-R-Us-2/linkgraph/store/memory/memory.go:57.2,57.6 1 1012
github.com/Waqas-Shah-42/Links-R-Us-2/linkgraph/store/memory/memory.go:64.2,68.12 5 1012
github.com/Waqas-Shah-42/Links-R-Us-2/linkgraph/store/memory/memory.go:46.59,50.41 4 2
github.com/Waqas-Shah-42/Links-R-Us-2/linkgraph/store/memory/memory.go:53.3,53.13 1 2
github.com/Waqas-Shah-42/Links-R-Us-2/linkgraph/store/memory/memory.go:50.41,52.4 1 1
github.com/Waqas-Shah-42/Links-R-Us-2/linkgraph/store/memory/memory.go:57.6,59.30 2 1012
github.com/Waqas-Shah-42/Links-R-Us-2/linkgraph/store/memory/memory.go:59.30,60.9 1 1012
github.com/Waqas-Shah-42/Links-R-Us-2/linkgraph/store/memory/memory.go:72.69,77.17 4 4
github.com/Waqas-Shah-42/Links-R-Us-2/linkgraph/store/memory/memory.go:81.2,83.19 3 3
github.com/Waqas-Shah-42/Links-R-Us-2/linkgraph/store/memory/memory.go:77.17,79.3 1 1
github.com/Waqas-Shah-42/Links-R-Us-2/linkgraph/store/memory/memory.go:88.110,93.36 4 55
github.com/Waqas-Shah-42/Links-R-Us-2/linkgraph/store/memory/memory.go:98.2,100.46 2 55
github.com/Waqas-Shah-42/Links-R-Us-2/linkgraph/store/memory/memory.go:93.36,94.95 1 7309
github.com/Waqas-Shah-42/Links-R-Us-2/linkgraph/store/memory/memory.go:94.95,96.4 1 1606
github.com/Waqas-Shah-42/Links-R-Us-2/linkgraph/store/memory/memory.go:104.60,110.30 5 406
github.com/Waqas-Shah-42/Links-R-Us-2/linkgraph/store/memory/memory.go:115.2,115.49 1 405
github.com/Waqas-Shah-42/Links-R-Us-2/linkgraph/store/memory/memory.go:125.2,125.6 1 404
github.com/Waqas-Shah-42/Links-R-Us-2/linkgraph/store/memory/memory.go:132.2,140.12 6 404
github.com/Waqas-Shah-42/Links-R-Us-2/linkgraph/store/memory/memory.go:110.30,112.3 1 1
github.com/Waqas-Shah-42/Links-R-Us-2/linkgraph/store/memory/memory.go:115.49,117.67 2 29804
github.com/Waqas-Shah-42/Links-R-Us-2/linkgraph/store/memory/memory.go:117.67,121.4 3 1
github.com/Waqas-Shah-42/Links-R-Us-2/linkgraph/store/memory/memory.go:125.6,127.30 2 404
github.com/Waqas-Shah-42/Links-R-Us-2/linkgraph/store/memory/memory.go:127.30,128.9 1 404
github.com/Waqas-Shah-42/Links-R-Us-2/linkgraph/store/memory/memory.go:146.108,151.30 4 35
github.com/Waqas-Shah-42/Links-R-Us-2/linkgraph/store/memory/memory.go:162.2,164.46 2 35
github.com/Waqas-Shah-42/Links-R-Us-2/linkgraph/store/memory/memory.go:151.30,152.51 1 6609
github.com/Waqas-Shah-42/Links-R-Us-2/linkgraph/store/memory/memory.go:156.3,156.48 1 2809
github.com/Waqas-Shah-42/Links-R-Us-2/linkgraph/store/memory/memory.go:152.51,153.12 1 3800
github.com/Waqas-Shah-42/Links-R-Us-2/linkgraph/store/memory/memory.go:156.48,157.69 1 1309
github.com/Waqas-Shah-42/Links-R-Us-2/linkgraph/store/memory/memory.go:157.69,159.5 1 1306
github.com/Waqas-Shah-42/Links-R-Us-2/linkgraph/store/memory/memory.go:169.91,174.47 4 1
github.com/Waqas-Shah-42/Links-R-Us-2/linkgraph/store/memory/memory.go:185.2,186.12 2 1
github.com/Waqas-Shah-42/Links-R-Us-2/linkgraph/store/memory/memory.go:174.47,176.43 2 200
github.com/Waqas-Shah-42/Links-R-Us-2/linkgraph/store/memory/memory.go:181.3,181.44 1 100
github.com/Waqas-Shah-42/Links-R-Us-2/linkgraph/store/memory/memory.go:176.43,178.12 2 100
github.com/Waqas-Shah-42/Links-R-Us-2/textindexer/store/memory/bleve.go:36.49,40.2 3 508
github.com/Waqas-Shah-42/Links-R-Us-2/textindexer/store/memory/bleve.go:42.47,48.2 1 607
github.com/Waqas-Shah-42/Links-R-Us-2/textindexer/store/memory/bleve.go:50.65,51.28 1 256
github.com/Waqas-Shah-42/Links-R-Us-2/textindexer/store/memory/bleve.go:54.2,58.41 5 255
github.com/Waqas-Shah-42/Links-R-Us-2/textindexer/store/memory/bleve.go:61.2,61.62 1 255
github.com/Waqas-Shah-42/Links-R-Us-2/textindexer/store/memory/bleve.go:65.2,67.12 3 255
github.com/Waqas-Shah-42/Links-R-Us-2/textindexer/store/memory/bleve.go:51.28,53.3 1 1
github.com/Waqas-Shah-42/Links-R-Us-2/textindexer/store/memory/bleve.go:58.41,60.3 1 2
github.com/Waqas-Shah-42/Links-R-Us-2/textindexer/store/memory/bleve.go:61.62,63.3 1 0
github.com/Waqas-Shah-42/Links-R-Us-2/textindexer/store/memory/bleve.go:70.84,74.2 1 4
github.com/Waqas-Shah-42/Links-R-Us-2/textindexer/store/memory/bleve.go:75.81,79.39 3 254
github.com/Waqas-Shah-42/Links-R-Us-2/textindexer/store/memory/bleve.go:82.2,82.65 1 1
github.com/Waqas-Shah-42/Links-R-Us-2/textindexer/store/memory/bleve.go:79.39,81.3 1 253
github.com/Waqas-Shah-42/Links-R-Us-2/textindexer/store/memory/bleve.go:85.85,91.12 5 352
github.com/Waqas-Shah-42/Links-R-Us-2/textindexer/store/memory/bleve.go:96.2,97.60 2 352
github.com/Waqas-Shah-42/Links-R-Us-2/textindexer/store/memory/bleve.go:100.2,100.12 1 352
github.com/Waqas-Shah-42/Links-R-Us-2/textindexer/store/memory/bleve.go:91.12,94.3 2 1
github.com/Waqas-Shah-42/Links-R-Us-2/textindexer/store/memory/bleve.go:97.60,99.3 1 0
github.com/Waqas-Shah-42/Links-R-Us-2/textindexer/store/memory/bleve.go:104.78,106.16 2 6
github.com/Waqas-Shah-42/Links-R-Us-2/textindexer/store/memory/bleve.go:113.2,119.16 6 6
github.com/Waqas-Shah-42/Links-R-Us-2/textindexer/store/memory/bleve.go:122.2,122.84 1 6
github.com/Waqas-Shah-42/Links-R-Us-2/textindexer/store/memory/bleve.go:107.29,108.47 1 1
github.com/Waqas-Shah-42/Links-R-Us-2/textindexer/store/memory/bleve.go:109.10,110.41 1 5
github.com/Waqas-Shah-42/Links-R-Us-2/textindexer/store/memory/bleve.go:119.16,121.3 1 0
github.com/Waqas-Shah-42/Links-R-Us-2/textindexer/store/memory/bleve.go:125.63,128.16 3 8
github.com/Waqas-Shah-42/Links-R-Us-2/textindexer/store/memory/bleve.go:132.2,135.8 1 8
github.com/Waqas-Shah-42/Links-R-Us-2/textindexer/store/memory/bleve.go:128.16,130.3 1 0
github.com/Waqas-Shah-42/Links-R-Us-2/textindexer/store/memory/bleve.go:138.46,140.2 1 8
github.com/Waqas-Shah-42/Links-R-Us-2/textindexer/store/memory/iterator.go:21.40,24.18 3 6
github.com/Waqas-Shah-42/Links-R-Us-2/textindexer/store/memory/iterator.go:27.2,27.12 1 6
github.com/Waqas-Shah-42/Links-R-Us-2/textindexer/store/memory/iterator.go:24.18,26.3 1 6
github.com/Waqas-Shah-42/Links-R-Us-2/textindexer/store/memory/iterator.go:30.38,31.67 1 256
github.com/Waqas-Shah-42/Links-R-Us-2/textindexer/store/memory/iterator.go:35.2,35.34 1 250
github.com/Waqas-Shah-42/Links-R-Us-2/textindexer/store/memory/iterator.go:44.2,45.76 2 250
github.com/Waqas-Shah-42/Links-R-Us-2/textindexer/store/memory/iterator.go:49.2,51.13 3 250
github.com/Waqas-Shah-42/Links-R-Us-2/textindexer/store/memory/iterator.go:31.67,33.3 1 6
github.com/Waqas-Shah-42/Links-R-Us-2/textindexer/store/memory/iterator.go:35.34,37.77 2 20
github.com/Waqas-Shah-42/Links-R-Us-2/textindexer/store/memory/iterator.go:41.3,41.15 1 20
github.com/Waqas-Shah-42/Links-R-Us-2/textindexer/store/memory/iterator.go:37.77,39.4 1 0
github.com/Waqas-Shah-42/Links-R-Us-2/textindexer/store/memory/iterator.go:45.76,47.3 1 0
github.com/Waqas-Shah-42/Links-R-Us-2/textindexer/store/memory/iterator.go:55.40,57.2 1 6
github.com/Waqas-Shah-42/Links-R-Us-2/textindexer/store/memory/iterator.go:59.53,61.2 1 250
github.com/Waqas-Shah-42/Links-R-Us-2/textindexer/store/memory/iterator.go:63.46,64.18 1 0
github.com/Waqas-Shah-42/Links-R-Us-2/textindexer/store/memory/iterator.go:67.2,67.20 1 0
github.com/Waqas-Shah-42/Links-R-Us-2/textindexer/store/memory/iterator.go:64.18,66.3 1 0
